<?xml version="1.0" encoding="UTF-8"?>
<testng-results skipped="0" failed="0" ignored="0" total="1" passed="1">
  <reporter-output>
  </reporter-output>
  <suite name="Binary File API Execution Test Suite" duration-ms="1803" started-at="2021-01-07T14:31:53Z" finished-at="2021-01-07T14:31:54Z">
    <groups>
    </groups>
    <test name="API Request Test" duration-ms="1803" started-at="2021-01-07T14:31:53Z" finished-at="2021-01-07T14:31:54Z">
      <class name="com.org.Test.TestRunner">
        <test-method status="PASS" signature="setUp()[pri:0, instance:com.org.Test.TestRunner@5056dfcb]" name="setUp" is-config="true" duration-ms="16" started-at="2021-01-07T22:31:53Z" finished-at="2021-01-07T22:31:53Z">
          <reporter-output>
          </reporter-output>
        </test-method> <!-- setUp -->
        <test-method status="PASS" signature="testBinaryExecutionAPI(java.lang.String)[pri:0, instance:com.org.Test.TestRunner@5056dfcb]" name="testBinaryExecutionAPI" duration-ms="1754" started-at="2021-01-07T22:31:53Z" finished-at="2021-01-07T22:31:54Z">
          <params>
            <param index="0">
              <value>
                <![CDATA[positiveTest.bin]]>
              </value>
            </param>
          </params>
          <reporter-output>
          </reporter-output>
        </test-method> <!-- testBinaryExecutionAPI -->
      </class> <!-- com.org.Test.TestRunner -->
    </test> <!-- API Request Test -->
  </suite> <!-- Binary File API Execution Test Suite -->
</testng-results>
